C:\USERS\YUANLIRONG\OPENH264_MERGE\MODULE\REMOTE_BITRATE_ESTIMATOR\SOURCE\TOOLS\BWE_RTP_PLAY\DEBUG\BWE_RTP.OBJ
C:\Users\yuanlirong\openh264_merge\module\remote_bitrate_estimator\source\tools\bwe_rtp_play\Debug\bwe_rtp_play.exe.embed.manifest
C:\USERS\YUANLIRONG\OPENH264_MERGE\MODULE\REMOTE_BITRATE_ESTIMATOR\SOURCE\TOOLS\BWE_RTP_PLAY\DEBUG\BWE_RTP_PLAY.EXE.EMBED.MANIFEST.RES
C:\Users\yuanlirong\openh264_merge\module\remote_bitrate_estimator\source\tools\bwe_rtp_play\Debug\bwe_rtp_play.exe.intermediate.manifest
C:\USERS\YUANLIRONG\OPENH264_MERGE\MODULE\REMOTE_BITRATE_ESTIMATOR\SOURCE\TOOLS\BWE_RTP_PLAY\DEBUG\BWE_RTP_PLAY.OBJ
C:\Users\yuanlirong\openh264_merge\module\remote_bitrate_estimator\source\tools\bwe_rtp_play\Debug\bwe_rtp_play.pdb
C:\Users\yuanlirong\openh264_merge\module\remote_bitrate_estimator\source\tools\bwe_rtp_play\Debug\bwe_rtp_play.write.1.tlog
C:\Users\yuanlirong\openh264_merge\module\remote_bitrate_estimator\source\tools\bwe_rtp_play\Debug\bwe_rtp_play_manifest.rc
C:\Users\yuanlirong\openh264_merge\module\remote_bitrate_estimator\source\tools\bwe_rtp_play\Debug\cl.command.1.tlog
C:\Users\yuanlirong\openh264_merge\module\remote_bitrate_estimator\source\tools\bwe_rtp_play\Debug\CL.read.1.tlog
C:\Users\yuanlirong\openh264_merge\module\remote_bitrate_estimator\source\tools\bwe_rtp_play\Debug\CL.write.1.tlog
C:\Users\yuanlirong\openh264_merge\module\remote_bitrate_estimator\source\tools\bwe_rtp_play\Debug\link.command.1.tlog
C:\Users\yuanlirong\openh264_merge\module\remote_bitrate_estimator\source\tools\bwe_rtp_play\Debug\link.read.1.tlog
C:\Users\yuanlirong\openh264_merge\module\remote_bitrate_estimator\source\tools\bwe_rtp_play\Debug\link.write.1.tlog
C:\Users\yuanlirong\openh264_merge\module\remote_bitrate_estimator\source\tools\bwe_rtp_play\Debug\link-cvtres.read.1.tlog
C:\Users\yuanlirong\openh264_merge\module\remote_bitrate_estimator\source\tools\bwe_rtp_play\Debug\link-cvtres.write.1.tlog
C:\Users\yuanlirong\openh264_merge\module\remote_bitrate_estimator\source\tools\bwe_rtp_play\Debug\rc.command.1.tlog
C:\Users\yuanlirong\openh264_merge\module\remote_bitrate_estimator\source\tools\bwe_rtp_play\Debug\rc.read.1.tlog
C:\Users\yuanlirong\openh264_merge\module\remote_bitrate_estimator\source\tools\bwe_rtp_play\Debug\rc.write.1.tlog
C:\USERS\YUANLIRONG\OPENH264_MERGE\MODULE\REMOTE_BITRATE_ESTIMATOR\SOURCE\TOOLS\BWE_RTP_PLAY\DEBUG\RTP_FILE_READER.OBJ
C:\Users\yuanlirong\openh264_merge\module\remote_bitrate_estimator\source\tools\bwe_rtp_play\Debug\vc100.idb
C:\USERS\YUANLIRONG\OPENH264_MERGE\MODULE\REMOTE_BITRATE_ESTIMATOR\SOURCE\TOOLS\BWE_RTP_PLAY\DEBUG\VC100.PDB
