生成启动时间为 15-10-21 下午4:21:12。
     1>项目“C:\Users\yuanlirong\openh264_merge\module\remote_bitrate_estimator\source\tools\bwe_rtp_play\bwe_rtp_play.vcxproj”在节点 2 上(build 个目标)。
     1>InitializeBuildStatus:
         正在对“Debug\bwe_rtp_play.unsuccessfulbuild”执行 Touch 任务。
       ClCompile:
         C:\Program Files (x86)\Microsoft Visual Studio 10.0\VC\bin\CL.exe /c /IC:\Users\yuanlirong\openh264_merge\module\rtp_rtcp\source /IC:\Users\yuanlirong\openh264_merge\module\interface /IC:\Users\yuanlirong\openh264_merge\module /IC:\Users\yuanlirong\openh264_merge\module\rtp_rtcp\include /IC:\Users\yuanlirong\openh264_merge\system_wrappers\source /IC:\Users\yuanlirong\openh264_merge\system_wrappers\interface /IC:\Users\yuanlirong\openh264_merge\module\remote_bitrate_estimator\include /IC:\Users\yuanlirong\openh264_merge\module\remote_bitrate_estimator\source\tools /I./ /ZI /nologo /W3 /WX- /Od /Oy- /D WIN32 /D _DEBUG /D _CONSOLE /D _UNICODE /D UNICODE /Gm /EHsc /RTC1 /MTd /GS /fp:precise /Zc:wchar_t /Zc:forScope /Fo"Debug\\" /Fd"Debug\vc100.pdb" /Gd /TP /analyze- /errorReport:prompt ..\bwe_rtp_play.cc
         bwe_rtp_play.cc
     1>c:\users\yuanlirong\openh264_merge\module\common_types.h(929): warning C4351: 新增行为: 默认情况下初始化数组“cloopenwebrtc::OverUseDetectorOptions::initial_e”的元素
     1>c:\users\yuanlirong\openh264_merge\module\common_types.h(929): warning C4351: 新增行为: 默认情况下初始化数组“cloopenwebrtc::OverUseDetectorOptions::initial_process_noise”的元素
     1>c:\users\yuanlirong\openh264_merge\module\remote_bitrate_estimator\source\tools\bwe_rtp_play.cc(78): warning C4244: “=”: 从“int64_t”转换到“uint32_t”，可能丢失数据
     1>c:\users\yuanlirong\openh264_merge\module\remote_bitrate_estimator\source\tools\bwe_rtp_play.cc(101): warning C4244: “=”: 从“int64_t”转换到“uint32_t”，可能丢失数据
       ManifestResourceCompile:
         所有输出均为最新。
       Link:
         C:\Program Files (x86)\Microsoft Visual Studio 10.0\VC\bin\link.exe /ERRORREPORT:PROMPT /OUT:"C:\Users\yuanlirong\openh264_merge\module\remote_bitrate_estimator\source\tools\bwe_rtp_play\Debug\bwe_rtp_play.exe" /INCREMENTAL /NOLOGO /LIBPATH:C:\Users\yuanlirong\openh264_merge\build\Debug\lib system_wrappers.lib remote_bitrate_estimator.lib rtp_rtcp.lib kernel32.lib user32.lib gdi32.lib winspool.lib comdlg32.lib advapi32.lib shell32.lib ole32.lib oleaut32.lib uuid.lib odbc32.lib odbccp32.lib /MANIFEST /ManifestFile:"Debug\bwe_rtp_play.exe.intermediate.manifest" /MANIFESTUAC:"level='asInvoker' uiAccess='false'" /DEBUG /PDB:"C:\Users\yuanlirong\openh264_merge\module\remote_bitrate_estimator\source\tools\bwe_rtp_play\Debug\bwe_rtp_play.pdb" /SUBSYSTEM:CONSOLE /TLBID:1 /DYNAMICBASE /NXCOMPAT /IMPLIB:"C:\Users\yuanlirong\openh264_merge\module\remote_bitrate_estimator\source\tools\bwe_rtp_play\Debug\bwe_rtp_play.lib" /MACHINE:X86 Debug\bwe_rtp_play.exe.embed.manifest.res
         Debug\bwe_rtp.obj
         Debug\bwe_rtp_play.obj
         Debug\rtp_file_reader.obj
       Manifest:
         C:\Program Files (x86)\Microsoft SDKs\Windows\v7.0A\bin\mt.exe /nologo /verbose /out:"Debug\bwe_rtp_play.exe.embed.manifest" /manifest Debug\bwe_rtp_play.exe.intermediate.manifest
         C:\Program Files (x86)\Microsoft SDKs\Windows\v7.0A\bin\rc.exe /nologo /fo"Debug\bwe_rtp_play.exe.embed.manifest.res" Debug\bwe_rtp_play_manifest.rc 
       LinkEmbedManifest:
         C:\Program Files (x86)\Microsoft Visual Studio 10.0\VC\bin\link.exe /ERRORREPORT:PROMPT /OUT:"C:\Users\yuanlirong\openh264_merge\module\remote_bitrate_estimator\source\tools\bwe_rtp_play\Debug\bwe_rtp_play.exe" /INCREMENTAL /NOLOGO /LIBPATH:C:\Users\yuanlirong\openh264_merge\build\Debug\lib system_wrappers.lib remote_bitrate_estimator.lib rtp_rtcp.lib kernel32.lib user32.lib gdi32.lib winspool.lib comdlg32.lib advapi32.lib shell32.lib ole32.lib oleaut32.lib uuid.lib odbc32.lib odbccp32.lib /MANIFEST /ManifestFile:"Debug\bwe_rtp_play.exe.intermediate.manifest" /MANIFESTUAC:"level='asInvoker' uiAccess='false'" /DEBUG /PDB:"C:\Users\yuanlirong\openh264_merge\module\remote_bitrate_estimator\source\tools\bwe_rtp_play\Debug\bwe_rtp_play.pdb" /SUBSYSTEM:CONSOLE /TLBID:1 /DYNAMICBASE /NXCOMPAT /IMPLIB:"C:\Users\yuanlirong\openh264_merge\module\remote_bitrate_estimator\source\tools\bwe_rtp_play\Debug\bwe_rtp_play.lib" /MACHINE:X86 Debug\bwe_rtp_play.exe.embed.manifest.res
         Debug\bwe_rtp.obj
         Debug\bwe_rtp_play.obj
         Debug\rtp_file_reader.obj
         bwe_rtp_play.vcxproj -> C:\Users\yuanlirong\openh264_merge\module\remote_bitrate_estimator\source\tools\bwe_rtp_play\Debug\bwe_rtp_play.exe
       FinalizeBuildStatus:
         正在删除文件“Debug\bwe_rtp_play.unsuccessfulbuild”。
         正在对“Debug\bwe_rtp_play.lastbuildstate”执行 Touch 任务。
     1>已完成生成项目“C:\Users\yuanlirong\openh264_merge\module\remote_bitrate_estimator\source\tools\bwe_rtp_play\bwe_rtp_play.vcxproj”(build 个目标)的操作。

生成成功。

已用时间 00:00:10.38
